<?xml version="1.0" encoding="UTF-8"?>
<testng-results total="2" passed="2" failed="0" skipped="0">
  <reporter-output>
  </reporter-output>
  <suite started-at="2021-09-20T15:06:58Z" name="Suite" finished-at="2021-09-20T15:07:04Z" duration-ms="6075">
    <groups>
    </groups>
    <test started-at="2021-09-20T15:06:58Z" name="Test" finished-at="2021-09-20T15:07:04Z" duration-ms="6075">
      <class name="soapuitest.Testrunner">
        <test-method signature="soaptest()[pri:0, instance:soapuitest.Testrunner@5a1de7fb]" started-at="2021-09-20T20:37:04Z" name="soaptest" finished-at="2021-09-20T20:37:04Z" duration-ms="669" status="PASS">
          <reporter-output>
          </reporter-output>
        </test-method> <!-- soaptest -->
      </class> <!-- soapuitest.Testrunner -->
      <class name="soapuitest.Testrunner2">
        <test-method signature="testcase()[pri:0, instance:soapuitest.Testrunner2@5460cf3a]" started-at="2021-09-20T20:36:58Z" name="testcase" finished-at="2021-09-20T20:37:04Z" duration-ms="5392" status="PASS">
          <reporter-output>
          </reporter-output>
        </test-method> <!-- testcase -->
      </class> <!-- soapuitest.Testrunner2 -->
    </test> <!-- Test -->
  </suite> <!-- Suite -->
</testng-results>
